#
# A fatal error has been detected by the Java Runtime Environment:
#
#  SIGSEGV (0xb) at pc=0x00007f0805069820, pid=19548, tid=139672628832000
#
# JRE version: OpenJDK Runtime Environment (7.0_121) (build 1.7.0_121-b00)
# Java VM: OpenJDK 64-Bit Server VM (24.121-b00 mixed mode linux-amd64 compressed oops)
# Derivative: IcedTea 2.6.8
# Distribution: Debian GNU/Linux 8.7 (jessie), package 7u121-2.6.8-2~deb8u1
# Problematic frame:
# J 23 C2 java.util.ArrayList$Itr.<init>(Ljava/util/ArrayList;Ljava/util/ArrayList$1;)V (6 bytes) @ 0x00007f0805069820 [0x00007f0805069800+0x20]
#
# Core dump written. Default location: /home/user/.IntelliJIdea2017.1/pro4/core or core.19548 (max size 200000 kB). To ensure a full core dump, try "ulimit -c unlimited" before starting Java again
#
# If you would like to submit a bug report, please include
# instructions on how to reproduce the bug and visit:
#   http://icedtea.classpath.org/bugzilla
#

---------------  T H R E A D  ---------------

Current thread (0x00007f080800b800):  JavaThread "main" [_thread_in_Java, id=19556, stack(0x00007f08115d2000,0x00007f08116d3000)]

siginfo:si_signo=SIGSEGV: si_errno=0, si_code=2 (SEGV_ACCERR), si_addr=0x00007f08115d2fc8

Registers:
RAX=0x00000007d7217228, RBX=0x00000007d72171f0, RCX=0x0000000000000000, RDX=0x00000007d70416c0
RSP=0x00007f08115e6fc8, RBP=0x00000007d7217228, RSI=0x00000007d7217228, RDI=0x0000000000000001
R8 =0x00000000fae082d8, R9 =0x0000000002095831, R10=0x00000000fae082d8, R11=0x00000000ef52c4b6
R12=0x0000000000000000, R13=0x71e5c52a3856429c, R14=0x00007f08115ea538, R15=0x00007f080800b800
RIP=0x00007f0805069820, EFLAGS=0x0000000000010246, CSGSFS=0x0000000000000033, ERR=0x0000000000000006
  TRAPNO=0x000000000000000e

Top of Stack: (sp=0x00007f08115e6fc8)
0x00007f08115e6fc8:   00007f08050661bc 00000007fae082d8
0x00007f08115e6fd8:   00007f080506a7d9 00007f08115e7020
0x00007f08115e6fe8:   00007f0810bef27d 00000007d7037568
0x00007f08115e6ff8:   00007f081028df5e 0000000000005cfd
0x00007f08115e7008:   00000000336f206c 0000000000000001
0x00007f08115e7018:   00007f08050664e8 00000007d7049d28
0x00007f08115e7028:   00000007d7046600 0000000100000005
0x00007f08115e7038:   00000007d7037568 00000007d7037568
0x00007f08115e7048:   00007f081028df5e 0000000000005cfd
0x00007f08115e7058:   00000000336f1fda 0000000000000008
0x00007f08115e7068:   00007f08050664e8 00000007d7049d58
0x00007f08115e7078:   00000007d7046600 000000080000000c
0x00007f08115e7088:   00000007d7037568 00000007d7037568
0x00007f08115e7098:   00007f081028df5e 0000000000005cfd
0x00007f08115e70a8:   00000000336f1f44 0000000000000003
0x00007f08115e70b8:   00007f08050664e8 00000007d7049cc8
0x00007f08115e70c8:   00000007d7046600 000000030000000c
0x00007f08115e70d8:   00000007d7037568 00000007d7037568
0x00007f08115e70e8:   00007f081028df5e 0000000000005cfd
0x00007f08115e70f8:   00000000336f1ea9 000000000000000c
0x00007f08115e7108:   00007f08050664e8 00000007d7049d58
0x00007f08115e7118:   00000007d7046600 0000000c00000005
0x00007f08115e7128:   00000007d7037568 00000007d7037568
0x00007f08115e7138:   00007f081028df5e 0000000000005cfd
0x00007f08115e7148:   00000000336f1e06 000000000000000d
0x00007f08115e7158:   00007f08050664e8 00000007d7049cf8
0x00007f08115e7168:   00000007d7046600 0000000d00000008
0x00007f08115e7178:   00000007d7037568 00000007d7037568
0x00007f08115e7188:   00007f081028df5e 0000000000005cfd
0x00007f08115e7198:   00000000336f1a6b 0000000000000001
0x00007f08115e71a8:   00007f08050664e8 00000007d7049d28
0x00007f08115e71b8:   00000007d7046600 0000000100000006 

Instructions: (pc=0x00007f0805069820)
0x00007f0805069800:   44 8b 56 08 49 c1 e2 03 49 3b c2 0f 85 4f e1 fc
0x00007f0805069810:   ff 66 66 90 0f 1f 84 00 00 00 00 00 66 66 66 90
0x00007f0805069820:   89 84 24 00 c0 fe ff 55 48 83 ec 10 c7 46 10 ff
0x00007f0805069830:   ff ff ff 4c 8b d6 49 c1 ea 09 4c 8b da 49 c1 eb 

Register to memory mapping:

RAX=0x00000007d7217228 is an oop
java.util.ArrayList$Itr 
 - klass: 'java/util/ArrayList$Itr'
RBX=0x00000007d72171f0 is an oop
[Ljava.lang.String; 
 - klass: 'java/lang/String'[]
 - length: 4
RCX=0x0000000000000000 is an unknown value
RDX=0x00000007d70416c0 is an oop
java.util.ArrayList 
 - klass: 'java/util/ArrayList'
RSP=0x00007f08115e6fc8 is pointing into the stack for thread: 0x00007f080800b800
RBP=0x00000007d7217228 is an oop
java.util.ArrayList$Itr 
 - klass: 'java/util/ArrayList$Itr'
RSI=0x00000007d7217228 is an oop
java.util.ArrayList$Itr 
 - klass: 'java/util/ArrayList$Itr'
RDI=0x0000000000000001 is an unknown value
R8 =0x00000000fae082d8 is an unknown value
R9 =0x0000000002095831 is an unknown value
R10=0x00000000fae082d8 is an unknown value
R11=0x00000000ef52c4b6 is an unknown value
R12=0x0000000000000000 is an unknown value
R13=0x71e5c52a3856429c is an unknown value
R14=0x00007f08115ea538 is pointing into the stack for thread: 0x00007f080800b800
R15=0x00007f080800b800 is a thread


Stack: [0x00007f08115d2000,0x00007f08116d3000],  sp=0x00007f08115e6fc8,  free space=83k
Native frames: (J=compiled Java code, j=interpreted, Vv=VM code, C=native code)
J 23 C2 java.util.ArrayList$Itr.<init>(Ljava/util/ArrayList;Ljava/util/ArrayList$1;)V (6 bytes) @ 0x00007f0805069820 [0x00007f0805069800+0x20]
C  0x00007f08115e7020


---------------  P R O C E S S  ---------------

Java Threads: ( => current thread )
  0x00007f0808229800 JavaThread "Service Thread" daemon [_thread_blocked, id=19579, stack(0x00007f080019d000,0x00007f080029e000)]
  0x00007f0808225000 JavaThread "C2 CompilerThread1" daemon [_thread_blocked, id=19578, stack(0x00007f080029e000,0x00007f080039f000)]
  0x00007f0808222800 JavaThread "C2 CompilerThread0" daemon [_thread_blocked, id=19577, stack(0x00007f080039f000,0x00007f08004a0000)]
  0x00007f0808205000 JavaThread "Monitor Ctrl-Break" daemon [_thread_in_native, id=19576, stack(0x00007f08004a0000,0x00007f08005a1000)]
  0x00007f080816f000 JavaThread "Signal Dispatcher" daemon [_thread_blocked, id=19573, stack(0x00007f08005a1000,0x00007f08006a2000)]
  0x00007f0808144800 JavaThread "Finalizer" daemon [_thread_blocked, id=19565, stack(0x00007f080082b000,0x00007f080092c000)]
  0x00007f0808142800 JavaThread "Reference Handler" daemon [_thread_blocked, id=19564, stack(0x00007f080092c000,0x00007f0800a2d000)]
=>0x00007f080800b800 JavaThread "main" [_thread_in_Java, id=19556, stack(0x00007f08115d2000,0x00007f08116d3000)]

Other Threads:
  0x00007f080813e000 VMThread [stack: 0x00007f0800a2d000,0x00007f0800b2e000] [id=19562]
  0x00007f080822b800 WatcherThread [stack: 0x00007f080009c000,0x00007f080019d000] [id=19580]

VM state:not at safepoint (normal execution)

VM Mutex/Monitor currently owned by a thread: None

Heap
 PSYoungGen      total 37376K, used 3871K [0x00000007d6e80000, 0x00000007d9800000, 0x0000000800000000)
  eden space 32256K, 12% used [0x00000007d6e80000,0x00000007d7247c78,0x00000007d8e00000)
  from space 5120K, 0% used [0x00000007d9300000,0x00000007d9300000,0x00000007d9800000)
  to   space 5120K, 0% used [0x00000007d8e00000,0x00000007d8e00000,0x00000007d9300000)
 ParOldGen       total 83968K, used 0K [0x0000000784c00000, 0x0000000789e00000, 0x00000007d6e80000)
  object space 83968K, 0% used [0x0000000784c00000,0x0000000784c00000,0x0000000789e00000)
 PSPermGen       total 21504K, used 3696K [0x000000077a600000, 0x000000077bb00000, 0x0000000784c00000)
  object space 21504K, 17% used [0x000000077a600000,0x000000077a99c278,0x000000077bb00000)

Card table byte_map: [0x00007f080dbae000,0x00007f080dfdc000] byte_map_base: 0x00007f0809fdb000

Polling page: 0x00007f08116f1000

Code Cache  [0x00007f0805000000, 0x00007f0805270000, 0x00007f0808000000)
 total_blobs=228 nmethods=26 adapters=156 free_code_cache=48732Kb largest_free_block=49881280

Compilation events (10 events):
Event: 0.175 Thread 0x00007f0808225000   22             java.util.concurrent.atomic.AtomicLong::<init> (10 bytes)
Event: 0.176 Thread 0x00007f0808225000 nmethod 22 0x00007f0805067310 code [0x00007f0805067440, 0x00007f08050674b8]
Event: 0.176 Thread 0x00007f0808222800   23             java.util.ArrayList$Itr::<init> (6 bytes)
Event: 0.176 Thread 0x00007f0808222800 nmethod 23 0x00007f08050696d0 code [0x00007f0805069800, 0x00007f0805069898]
Event: 0.176 Thread 0x00007f0808222800   24             java.util.ArrayList$Itr::<init> (26 bytes)
Event: 0.177 Thread 0x00007f0808222800 nmethod 24 0x00007f080506abd0 code [0x00007f080506ad00, 0x00007f080506ad98]
Event: 0.177 Thread 0x00007f0808222800   25             WordSearch::getRandomDirection (44 bytes)
Event: 0.179 Thread 0x00007f0808222800 nmethod 25 0x00007f080506a590 code [0x00007f080506a700, 0x00007f080506a978]
Event: 0.179 Thread 0x00007f0808222800   26             java.util.Random::nextInt (60 bytes)
Event: 0.181 Thread 0x00007f0808222800 nmethod 26 0x00007f080506a190 code [0x00007f080506a2e0, 0x00007f080506a438]

GC Heap History (0 events):
No events

Deoptimization events (0 events):
No events

Internal exceptions (10 events):
Event: 0.023 Thread 0x00007f080800b800 Threw 0x00000007d6e8f140 at /home/jmm/sec/jdk/openjdk-7-7u121-2.6.8/build/openjdk/hotspot/src/share/vm/prims/jni.cpp:4051
Event: 0.061 Thread 0x00007f080800b800 Threw 0x00000007d6ef6c68 at /home/jmm/sec/jdk/openjdk-7-7u121-2.6.8/build/openjdk/hotspot/src/share/vm/prims/jni.cpp:721
Event: 0.061 Thread 0x00007f080800b800 Threw 0x00000007d6ef7338 at /home/jmm/sec/jdk/openjdk-7-7u121-2.6.8/build/openjdk/hotspot/src/share/vm/prims/jvm.cpp:1322
Event: 0.061 Thread 0x00007f080800b800 Threw 0x00000007d6ef7460 at /home/jmm/sec/jdk/openjdk-7-7u121-2.6.8/build/openjdk/hotspot/src/share/vm/prims/jvm.cpp:1322
Event: 0.062 Thread 0x00007f080800b800 Threw 0x00000007d6efbed8 at /home/jmm/sec/jdk/openjdk-7-7u121-2.6.8/build/openjdk/hotspot/src/share/vm/prims/jvm.cpp:1322
Event: 0.083 Thread 0x00007f080800b800 Threw 0x00000007d7018ba0 at /home/jmm/sec/jdk/openjdk-7-7u121-2.6.8/build/openjdk/hotspot/src/share/vm/prims/jvm.cpp:1322
Event: 0.084 Thread 0x00007f080800b800 Threw 0x00000007d7021970 at /home/jmm/sec/jdk/openjdk-7-7u121-2.6.8/build/openjdk/hotspot/src/share/vm/prims/jvm.cpp:1322
Event: 0.106 Thread 0x00007f080800b800 Threw 0x00000007d702d900 at /home/jmm/sec/jdk/openjdk-7-7u121-2.6.8/build/openjdk/hotspot/src/share/vm/prims/jvm.cpp:1322
Event: 0.107 Thread 0x00007f080800b800 Threw 0x00000007d70314f0 at /home/jmm/sec/jdk/openjdk-7-7u121-2.6.8/build/openjdk/hotspot/src/share/vm/prims/jvm.cpp:1322
Event: 0.176 Thread 0x00007f080800b800 Threw 0x00000007d7211670 at /home/jmm/sec/jdk/openjdk-7-7u121-2.6.8/build/openjdk/hotspot/src/share/vm/interpreter/interpreterRuntime.cpp:333

Events (10 events):
Event: 0.121 loading class 0x00007f07d0039b60
Event: 0.121 loading class 0x00007f07d0039b60 done
Event: 0.121 loading class 0x00007f0808011a10
Event: 0.121 loading class 0x00007f0808011a10 done
Event: 0.121 loading class 0x00007f07d0036b70
Event: 0.121 loading class 0x00007f07d0036b70 done
Event: 0.121 loading class 0x00007f08080706a0
Event: 0.121 loading class 0x00007f08080706a0 done
Event: 0.176 loading class 0x00007f080d04a320
Event: 0.176 loading class 0x00007f080d04a320 done


Dynamic libraries:
00400000-00401000 r-xp 00000000 00:13 195145                             /usr/lib/jvm/java-7-openjdk-amd64/jre/bin/java
00600000-00601000 r--p 00000000 00:13 195145                             /usr/lib/jvm/java-7-openjdk-amd64/jre/bin/java
00601000-00602000 rw-p 00001000 00:13 195145                             /usr/lib/jvm/java-7-openjdk-amd64/jre/bin/java
021fe000-0221f000 rw-p 00000000 00:00 0                                  [heap]
77a600000-77bb00000 rw-p 00000000 00:00 0 
77bb00000-784c00000 rw-p 00000000 00:00 0 
784c00000-789e00000 rw-p 00000000 00:00 0 
789e00000-7d6e80000 rw-p 00000000 00:00 0 
7d6e80000-7d9800000 rw-p 00000000 00:00 0 
7d9800000-800000000 rw-p 00000000 00:00 0 
7f07c8000000-7f07c8021000 rw-p 00000000 00:00 0 
7f07c8021000-7f07cc000000 ---p 00000000 00:00 0 
7f07cc000000-7f07cc021000 rw-p 00000000 00:00 0 
7f07cc021000-7f07d0000000 ---p 00000000 00:00 0 
7f07d0000000-7f07d01c1000 rw-p 00000000 00:00 0 
7f07d01c1000-7f07d4000000 ---p 00000000 00:00 0 
7f07d4000000-7f07d404b000 rw-p 00000000 00:00 0 
7f07d404b000-7f07d8000000 ---p 00000000 00:00 0 
7f07d8000000-7f07d8021000 rw-p 00000000 00:00 0 
7f07d8021000-7f07dc000000 ---p 00000000 00:00 0 
7f07dc000000-7f07dc031000 rw-p 00000000 00:00 0 
7f07dc031000-7f07e0000000 ---p 00000000 00:00 0 
7f07e0000000-7f07e0021000 rw-p 00000000 00:00 0 
7f07e0021000-7f07e4000000 ---p 00000000 00:00 0 
7f07e4000000-7f07e4021000 rw-p 00000000 00:00 0 
7f07e4021000-7f07e8000000 ---p 00000000 00:00 0 
7f07e8000000-7f07e8021000 rw-p 00000000 00:00 0 
7f07e8021000-7f07ec000000 ---p 00000000 00:00 0 
7f07ec000000-7f07ec021000 rw-p 00000000 00:00 0 
7f07ec021000-7f07f0000000 ---p 00000000 00:00 0 
7f07f0000000-7f07f0021000 rw-p 00000000 00:00 0 
7f07f0021000-7f07f4000000 ---p 00000000 00:00 0 
7f07f4000000-7f07f4021000 rw-p 00000000 00:00 0 
7f07f4021000-7f07f8000000 ---p 00000000 00:00 0 
7f07fa754000-7f07faa55000 rw-p 00000000 00:00 0 
7f07faa55000-7f07faac1000 r-xp 00000000 00:13 1591                       /lib/x86_64-linux-gnu/libpcre.so.3.13.1
7f07faac1000-7f07facc1000 ---p 0006c000 00:13 1591                       /lib/x86_64-linux-gnu/libpcre.so.3.13.1
7f07facc1000-7f07facc2000 r--p 0006c000 00:13 1591                       /lib/x86_64-linux-gnu/libpcre.so.3.13.1
7f07facc2000-7f07facc3000 rw-p 0006d000 00:13 1591                       /lib/x86_64-linux-gnu/libpcre.so.3.13.1
7f07facc3000-7f07facca000 r-xp 00000000 00:13 3801                       /usr/lib/x86_64-linux-gnu/libffi.so.6.0.2
7f07facca000-7f07faec9000 ---p 00007000 00:13 3801                       /usr/lib/x86_64-linux-gnu/libffi.so.6.0.2
7f07faec9000-7f07faeca000 r--p 00006000 00:13 3801                       /usr/lib/x86_64-linux-gnu/libffi.so.6.0.2
7f07faeca000-7f07faecb000 rw-p 00007000 00:13 3801                       /usr/lib/x86_64-linux-gnu/libffi.so.6.0.2
7f07faecb000-7f07faedf000 r-xp 00000000 00:13 3214                       /lib/x86_64-linux-gnu/libresolv-2.19.so
7f07faedf000-7f07fb0de000 ---p 00014000 00:13 3214                       /lib/x86_64-linux-gnu/libresolv-2.19.so
7f07fb0de000-7f07fb0df000 r--p 00013000 00:13 3214                       /lib/x86_64-linux-gnu/libresolv-2.19.so
7f07fb0df000-7f07fb0e0000 rw-p 00014000 00:13 3214                       /lib/x86_64-linux-gnu/libresolv-2.19.so
7f07fb0e0000-7f07fb0e2000 rw-p 00000000 00:00 0 
7f07fb0e2000-7f07fb103000 r-xp 00000000 00:13 1579                       /lib/x86_64-linux-gnu/libselinux.so.1
7f07fb103000-7f07fb303000 ---p 00021000 00:13 1579                       /lib/x86_64-linux-gnu/libselinux.so.1
7f07fb303000-7f07fb304000 r--p 00021000 00:13 1579                       /lib/x86_64-linux-gnu/libselinux.so.1
7f07fb304000-7f07fb305000 rw-p 00022000 00:13 1579                       /lib/x86_64-linux-gnu/libselinux.so.1
7f07fb305000-7f07fb307000 rw-p 00000000 00:00 0 
7f07fb307000-7f07fb30a000 r-xp 00000000 00:13 3727                       /usr/lib/x86_64-linux-gnu/libgmodule-2.0.so.0.4200.1
7f07fb30a000-7f07fb509000 ---p 00003000 00:13 3727                       /usr/lib/x86_64-linux-gnu/libgmodule-2.0.so.0.4200.1
7f07fb509000-7f07fb50a000 r--p 00002000 00:13 3727                       /usr/lib/x86_64-linux-gnu/libgmodule-2.0.so.0.4200.1
7f07fb50a000-7f07fb50b000 rw-p 00003000 00:13 3727                       /usr/lib/x86_64-linux-gnu/libgmodule-2.0.so.0.4200.1
7f07fb50b000-7f07fb617000 r-xp 00000000 00:13 3306                       /lib/x86_64-linux-gnu/libglib-2.0.so.0.4200.1
7f07fb617000-7f07fb817000 ---p 0010c000 00:13 3306                       /lib/x86_64-linux-gnu/libglib-2.0.so.0.4200.1
7f07fb817000-7f07fb818000 r--p 0010c000 00:13 3306                       /lib/x86_64-linux-gnu/libglib-2.0.so.0.4200.1
7f07fb818000-7f07fb819000 rw-p 0010d000 00:13 3306                       /lib/x86_64-linux-gnu/libglib-2.0.so.0.4200.1
7f07fb819000-7f07fb81a000 rw-p 00000000 00:00 0 
7f07fb81a000-7f07fb86b000 r-xp 00000000 00:13 3796                       /usr/lib/x86_64-linux-gnu/libgobject-2.0.so.0.4200.1
7f07fb86b000-7f07fba6b000 ---p 00051000 00:13 3796                       /usr/lib/x86_64-linux-gnu/libgobject-2.0.so.0.4200.1
7f07fba6b000-7f07fba6c000 r--p 00051000 00:13 3796                       /usr/lib/x86_64-linux-gnu/libgobject-2.0.so.0.4200.1
7f07fba6c000-7f07fba6d000 rw-p 00052000 00:13 3796                       /usr/lib/x86_64-linux-gnu/libgobject-2.0.so.0.4200.1
7f07fba6d000-7f07fbbdf000 r-xp 00000000 00:13 3790                       /usr/lib/x86_64-linux-gnu/libgio-2.0.so.0.4200.1
7f07fbbdf000-7f07fbddf000 ---p 00172000 00:13 3790                       /usr/lib/x86_64-linux-gnu/libgio-2.0.so.0.4200.1
7f07fbddf000-7f07fbde3000 r--p 00172000 00:13 3790                       /usr/lib/x86_64-linux-gnu/libgio-2.0.so.0.4200.1
7f07fbde3000-7f07fbde5000 rw-p 00176000 00:13 3790                       /usr/lib/x86_64-linux-gnu/libgio-2.0.so.0.4200.1
7f07fbde5000-7f07fbde7000 rw-p 00000000 00:00 0 
7f07fbde7000-7f07fbdfe000 r-xp 00000000 00:13 195163                     /usr/lib/jvm/java-7-openjdk-amd64/jre/lib/amd64/libnet.so
7f07fbdfe000-7f07fbffe000 ---p 00017000 00:13 195163                     /usr/lib/jvm/java-7-openjdk-amd64/jre/lib/amd64/libnet.so
7f07fbffe000-7f07fbfff000 r--p 00017000 00:13 195163                     /usr/lib/jvm/java-7-openjdk-amd64/jre/lib/amd64/libnet.so
7f07fbfff000-7f07fc000000 rw-p 00018000 00:13 195163                     /usr/lib/jvm/java-7-openjdk-amd64/jre/lib/amd64/libnet.so
7f07fc000000-7f07fc021000 rw-p 00000000 00:00 0 
7f07fc021000-7f0800000000 ---p 00000000 00:00 0 
7f080009c000-7f080009d000 ---p 00000000 00:00 0 
7f080009d000-7f080019d000 rw-p 00000000 00:00 0                          [stack:19580]
7f080019d000-7f08001a0000 ---p 00000000 00:00 0 
7f08001a0000-7f080029e000 rw-p 00000000 00:00 0                          [stack:19579]
7f080029e000-7f08002a1000 ---p 00000000 00:00 0 
7f08002a1000-7f080039f000 rw-p 00000000 00:00 0                          [stack:19578]
7f080039f000-7f08003a2000 ---p 00000000 00:00 0 
7f08003a2000-7f08004a0000 rw-p 00000000 00:00 0                          [stack:19577]
7f08004a0000-7f08004a3000 ---p 00000000 00:00 0 
7f08004a3000-7f08005a1000 rw-p 00000000 00:00 0                          [stack:19576]
7f08005a1000-7f08005a4000 ---p 00000000 00:00 0 
7f08005a4000-7f08006a2000 rw-p 00000000 00:00 0                          [stack:19573]
7f08006a2000-7f080082b000 r--p 00000000 00:13 2606                       /usr/lib/locale/locale-archive
7f080082b000-7f080082e000 ---p 00000000 00:00 0 
7f080082e000-7f080092c000 rw-p 00000000 00:00 0                          [stack:19565]
7f080092c000-7f080092f000 ---p 00000000 00:00 0 
7f080092f000-7f0800a2d000 rw-p 00000000 00:00 0                          [stack:19564]
7f0800a2d000-7f0800a2e000 ---p 00000000 00:00 0 
7f0800a2e000-7f0805000000 rw-p 00000000 00:00 0                          [stack:19562]
7f0805000000-7f0805270000 rwxp 00000000 00:00 0 
7f0805270000-7f080823b000 rw-p 00000000 00:00 0 
7f080823b000-7f080c000000 ---p 00000000 00:00 0 
7f080c07c000-7f080c08a000 r--s 0010f000 00:13 124666                     /usr/lib/jvm/java-7-openjdk-amd64/jre/lib/rhino.jar
7f080c08a000-7f080c094000 r--s 000ae000 00:13 124665                     /usr/lib/jvm/java-7-openjdk-amd64/jre/lib/resources.jar
7f080c094000-7f080cdea000 rw-p 00000000 00:00 0 
7f080cdea000-7f080cf9d000 r--s 01d49000 00:13 124667                     /usr/lib/jvm/java-7-openjdk-amd64/jre/lib/rt.jar
7f080cf9d000-7f080d4c5000 rw-p 00000000 00:00 0 
7f080d4c5000-7f080d4c6000 ---p 00000000 00:00 0 
7f080d4c6000-7f080d5c6000 rw-p 00000000 00:00 0                          [stack:19560]
7f080d5c6000-7f080d5c7000 ---p 00000000 00:00 0 
7f080d5c7000-7f080d6c7000 rw-p 00000000 00:00 0                          [stack:19559]
7f080d6c7000-7f080d6c8000 ---p 00000000 00:00 0 
7f080d6c8000-7f080d7c8000 rw-p 00000000 00:00 0                          [stack:19558]
7f080d7c8000-7f080d7c9000 ---p 00000000 00:00 0 
7f080d7c9000-7f080d8d4000 rw-p 00000000 00:00 0                          [stack:19557]
7f080d8d4000-7f080d91c000 rw-p 00000000 00:00 0 
7f080d91c000-7f080d945000 rw-p 00000000 00:00 0 
7f080d945000-7f080dbae000 rw-p 00000000 00:00 0 
7f080dbae000-7f080dbb9000 rw-p 00000000 00:00 0 
7f080dbb9000-7f080dc01000 rw-p 00000000 00:00 0 
7f080dc01000-7f080dc2a000 rw-p 00000000 00:00 0 
7f080dc2a000-7f080de92000 rw-p 00000000 00:00 0 
7f080de92000-7f080dea7000 rw-p 00000000 00:00 0 
7f080dea7000-7f080dfdb000 rw-p 00000000 00:00 0 
7f080dfdb000-7f080dfdc000 rw-p 00000000 00:00 0 
7f080dfdc000-7f080dfe4000 r-xp 00000000 00:13 195157                     /usr/lib/jvm/java-7-openjdk-amd64/jre/lib/amd64/libzip.so
7f080dfe4000-7f080e1e3000 ---p 00008000 00:13 195157                     /usr/lib/jvm/java-7-openjdk-amd64/jre/lib/amd64/libzip.so
7f080e1e3000-7f080e1e4000 r--p 00007000 00:13 195157                     /usr/lib/jvm/java-7-openjdk-amd64/jre/lib/amd64/libzip.so
7f080e1e4000-7f080e1e5000 rw-p 00008000 00:13 195157                     /usr/lib/jvm/java-7-openjdk-amd64/jre/lib/amd64/libzip.so
7f080e1e5000-7f080e1f0000 r-xp 00000000 00:13 2749                       /lib/x86_64-linux-gnu/libnss_files-2.19.so
7f080e1f0000-7f080e3ef000 ---p 0000b000 00:13 2749                       /lib/x86_64-linux-gnu/libnss_files-2.19.so
7f080e3ef000-7f080e3f0000 r--p 0000a000 00:13 2749                       /lib/x86_64-linux-gnu/libnss_files-2.19.so
7f080e3f0000-7f080e3f1000 rw-p 0000b000 00:13 2749                       /lib/x86_64-linux-gnu/libnss_files-2.19.so
7f080e3f1000-7f080e3fb000 r-xp 00000000 00:13 2747                       /lib/x86_64-linux-gnu/libnss_nis-2.19.so
7f080e3fb000-7f080e5fa000 ---p 0000a000 00:13 2747                       /lib/x86_64-linux-gnu/libnss_nis-2.19.so
7f080e5fa000-7f080e5fb000 r--p 00009000 00:13 2747                       /lib/x86_64-linux-gnu/libnss_nis-2.19.so
7f080e5fb000-7f080e5fc000 rw-p 0000a000 00:13 2747                       /lib/x86_64-linux-gnu/libnss_nis-2.19.so
7f080e5fc000-7f080e611000 r-xp 00000000 00:13 2743                       /lib/x86_64-linux-gnu/libnsl-2.19.so
7f080e611000-7f080e810000 ---p 00015000 00:13 2743                       /lib/x86_64-linux-gnu/libnsl-2.19.so
7f080e810000-7f080e811000 r--p 00014000 00:13 2743                       /lib/x86_64-linux-gnu/libnsl-2.19.so
7f080e811000-7f080e812000 rw-p 00015000 00:13 2743                       /lib/x86_64-linux-gnu/libnsl-2.19.so
7f080e812000-7f080e814000 rw-p 00000000 00:00 0 
7f080e814000-7f080e81b000 r-xp 00000000 00:13 2740                       /lib/x86_64-linux-gnu/libnss_compat-2.19.so
7f080e81b000-7f080ea1a000 ---p 00007000 00:13 2740                       /lib/x86_64-linux-gnu/libnss_compat-2.19.so
7f080ea1a000-7f080ea1b000 r--p 00006000 00:13 2740                       /lib/x86_64-linux-gnu/libnss_compat-2.19.so
7f080ea1b000-7f080ea1c000 rw-p 00007000 00:13 2740                       /lib/x86_64-linux-gnu/libnss_compat-2.19.so
7f080ea1c000-7f080ea26000 r-xp 00000000 00:13 195255                     /usr/lib/jvm/java-7-openjdk-amd64/jre/lib/amd64/libinstrument.so
7f080ea26000-7f080ec25000 ---p 0000a000 00:13 195255                     /usr/lib/jvm/java-7-openjdk-amd64/jre/lib/amd64/libinstrument.so
7f080ec25000-7f080ec26000 r--p 00009000 00:13 195255                     /usr/lib/jvm/java-7-openjdk-amd64/jre/lib/amd64/libinstrument.so
7f080ec26000-7f080ec27000 rw-p 0000a000 00:13 195255                     /usr/lib/jvm/java-7-openjdk-amd64/jre/lib/amd64/libinstrument.so
7f080ec27000-7f080ec53000 r-xp 00000000 00:13 195148                     /usr/lib/jvm/java-7-openjdk-amd64/jre/lib/amd64/libjava.so
7f080ec53000-7f080ee52000 ---p 0002c000 00:13 195148                     /usr/lib/jvm/java-7-openjdk-amd64/jre/lib/amd64/libjava.so
7f080ee52000-7f080ee53000 r--p 0002b000 00:13 195148                     /usr/lib/jvm/java-7-openjdk-amd64/jre/lib/amd64/libjava.so
7f080ee53000-7f080ee55000 rw-p 0002c000 00:13 195148                     /usr/lib/jvm/java-7-openjdk-amd64/jre/lib/amd64/libjava.so
7f080ee55000-7f080ee64000 r-xp 00000000 00:13 195154                     /usr/lib/jvm/java-7-openjdk-amd64/jre/lib/amd64/libverify.so
7f080ee64000-7f080f063000 ---p 0000f000 00:13 195154                     /usr/lib/jvm/java-7-openjdk-amd64/jre/lib/amd64/libverify.so
7f080f063000-7f080f065000 r--p 0000e000 00:13 195154                     /usr/lib/jvm/java-7-openjdk-amd64/jre/lib/amd64/libverify.so
7f080f065000-7f080f066000 rw-p 00010000 00:13 195154                     /usr/lib/jvm/java-7-openjdk-amd64/jre/lib/amd64/libverify.so
7f080f066000-7f080f06d000 r-xp 00000000 00:13 1589                       /lib/x86_64-linux-gnu/librt-2.19.so
7f080f06d000-7f080f26c000 ---p 00007000 00:13 1589                       /lib/x86_64-linux-gnu/librt-2.19.so
7f080f26c000-7f080f26d000 r--p 00006000 00:13 1589                       /lib/x86_64-linux-gnu/librt-2.19.so
7f080f26d000-7f080f26e000 rw-p 00007000 00:13 1589                       /lib/x86_64-linux-gnu/librt-2.19.so
7f080f26e000-7f080f284000 r-xp 00000000 00:13 3656                       /lib/x86_64-linux-gnu/libgcc_s.so.1
7f080f284000-7f080f483000 ---p 00016000 00:13 3656                       /lib/x86_64-linux-gnu/libgcc_s.so.1
7f080f483000-7f080f484000 rw-p 00015000 00:13 3656                       /lib/x86_64-linux-gnu/libgcc_s.so.1
7f080f484000-7f080f584000 r-xp 00000000 00:13 3470                       /lib/x86_64-linux-gnu/libm-2.19.so
7f080f584000-7f080f783000 ---p 00100000 00:13 3470                       /lib/x86_64-linux-gnu/libm-2.19.so
7f080f783000-7f080f784000 r--p 000ff000 00:13 3470                       /lib/x86_64-linux-gnu/libm-2.19.so
7f080f784000-7f080f785000 rw-p 00100000 00:13 3470                       /lib/x86_64-linux-gnu/libm-2.19.so
7f080f785000-7f080f871000 r-xp 00000000 00:13 3653                       /usr/lib/x86_64-linux-gnu/libstdc++.so.6.0.20
7f080f871000-7f080fa71000 ---p 000ec000 00:13 3653                       /usr/lib/x86_64-linux-gnu/libstdc++.so.6.0.20
7f080fa71000-7f080fa79000 r--p 000ec000 00:13 3653                       /usr/lib/x86_64-linux-gnu/libstdc++.so.6.0.20
7f080fa79000-7f080fa7b000 rw-p 000f4000 00:13 3653                       /usr/lib/x86_64-linux-gnu/libstdc++.so.6.0.20
7f080fa7b000-7f080fa90000 rw-p 00000000 00:00 0 
7f080fa90000-7f08105ef000 r-xp 00000000 00:13 195153                     /usr/lib/jvm/java-7-openjdk-amd64/jre/lib/amd64/server/libjvm.so
7f08105ef000-7f08107ef000 ---p 00b5f000 00:13 195153                     /usr/lib/jvm/java-7-openjdk-amd64/jre/lib/amd64/server/libjvm.so
7f08107ef000-7f081088e000 r--p 00b5f000 00:13 195153                     /usr/lib/jvm/java-7-openjdk-amd64/jre/lib/amd64/server/libjvm.so
7f081088e000-7f08108b1000 rw-p 00bfe000 00:13 195153                     /usr/lib/jvm/java-7-openjdk-amd64/jre/lib/amd64/server/libjvm.so
7f08108b1000-7f08108df000 rw-p 00000000 00:00 0 
7f08108df000-7f08108f9000 r-xp 00000000 00:13 3713                       /lib/x86_64-linux-gnu/libz.so.1.2.8
7f08108f9000-7f0810af8000 ---p 0001a000 00:13 3713                       /lib/x86_64-linux-gnu/libz.so.1.2.8
7f0810af8000-7f0810af9000 r--p 00019000 00:13 3713                       /lib/x86_64-linux-gnu/libz.so.1.2.8
7f0810af9000-7f0810afa000 rw-p 0001a000 00:13 3713                       /lib/x86_64-linux-gnu/libz.so.1.2.8
7f0810afa000-7f0810c9b000 r-xp 00000000 00:13 1578                       /lib/x86_64-linux-gnu/libc-2.19.so
7f0810c9b000-7f0810e9b000 ---p 001a1000 00:13 1578                       /lib/x86_64-linux-gnu/libc-2.19.so
7f0810e9b000-7f0810e9f000 r--p 001a1000 00:13 1578                       /lib/x86_64-linux-gnu/libc-2.19.so
7f0810e9f000-7f0810ea1000 rw-p 001a5000 00:13 1578                       /lib/x86_64-linux-gnu/libc-2.19.so
7f0810ea1000-7f0810ea5000 rw-p 00000000 00:00 0 
7f0810ea5000-7f0810ea8000 r-xp 00000000 00:13 1593                       /lib/x86_64-linux-gnu/libdl-2.19.so
7f0810ea8000-7f08110a7000 ---p 00003000 00:13 1593                       /lib/x86_64-linux-gnu/libdl-2.19.so
7f08110a7000-7f08110a8000 r--p 00002000 00:13 1593                       /lib/x86_64-linux-gnu/libdl-2.19.so
7f08110a8000-7f08110a9000 rw-p 00003000 00:13 1593                       /lib/x86_64-linux-gnu/libdl-2.19.so
7f08110a9000-7f08110b6000 r-xp 00000000 00:13 195147                     /usr/lib/jvm/java-7-openjdk-amd64/jre/lib/amd64/jli/libjli.so
7f08110b6000-7f08112b5000 ---p 0000d000 00:13 195147                     /usr/lib/jvm/java-7-openjdk-amd64/jre/lib/amd64/jli/libjli.so
7f08112b5000-7f08112b6000 r--p 0000c000 00:13 195147                     /usr/lib/jvm/java-7-openjdk-amd64/jre/lib/amd64/jli/libjli.so
7f08112b6000-7f08112b7000 rw-p 0000d000 00:13 195147                     /usr/lib/jvm/java-7-openjdk-amd64/jre/lib/amd64/jli/libjli.so
7f08112b7000-7f08112cf000 r-xp 00000000 00:13 1576                       /lib/x86_64-linux-gnu/libpthread-2.19.so
7f08112cf000-7f08114ce000 ---p 00018000 00:13 1576                       /lib/x86_64-linux-gnu/libpthread-2.19.so
7f08114ce000-7f08114cf000 r--p 00017000 00:13 1576                       /lib/x86_64-linux-gnu/libpthread-2.19.so
7f08114cf000-7f08114d0000 rw-p 00018000 00:13 1576                       /lib/x86_64-linux-gnu/libpthread-2.19.so
7f08114d0000-7f08114d4000 rw-p 00000000 00:00 0 
7f08114d4000-7f08114f4000 r-xp 00000000 00:13 1574                       /lib/x86_64-linux-gnu/ld-2.19.so
7f08114f7000-7f08114f9000 r--s 0001a000 00:13 64177                      /opt/idea-IU-171.4073.35/lib/idea_rt.jar
7f08114f9000-7f08114fa000 r--s 00000000 00:13 124664                     /usr/lib/jvm/java-7-openjdk-amd64/jre/lib/management-agent.jar
7f08114fa000-7f08114fe000 r--s 0004f000 00:13 124663                     /usr/lib/jvm/java-7-openjdk-amd64/jre/lib/jsse.jar
7f08114fe000-7f0811500000 r--s 00018000 00:13 124662                     /usr/lib/jvm/java-7-openjdk-amd64/jre/lib/jce.jar
7f0811500000-7f0811501000 r--s 0000a000 00:13 124661                     /usr/lib/jvm/java-7-openjdk-amd64/jre/lib/javazic.jar
7f0811501000-7f0811503000 r--s 00006000 00:13 124656                     /usr/share/java/java-atk-wrapper.jar
7f0811503000-7f081150e000 r--s 00203000 00:13 124650                     /usr/lib/jvm/java-7-openjdk-amd64/jre/lib/charsets.jar
7f081150e000-7f0811512000 r--s 00034000 00:13 124658                     /usr/lib/jvm/java-7-openjdk-amd64/jre/lib/ext/sunjce_provider.jar
7f0811512000-7f081151c000 rw-p 00000000 00:00 0 
7f081151c000-7f08115d2000 rw-p 00000000 00:00 0 
7f08115d2000-7f08116d8000 rw-p 00000000 00:00 0                          [stack:19556]
7f08116d8000-7f08116d9000 r--s 00000000 00:13 124651                     /usr/lib/jvm/java-7-openjdk-amd64/jre/lib/compilefontconfig.jar
7f08116d9000-7f08116da000 r--s 00002000 00:13 124652                     /usr/lib/jvm/java-7-openjdk-amd64/jre/lib/ext/dnsns.jar
7f08116da000-7f08116dd000 r--s 0000f000 00:13 124653                     /usr/lib/jvm/java-7-openjdk-amd64/jre/lib/ext/icedtea-sound.jar
7f08116dd000-7f08116df000 r--s 00006000 00:13 124656                     /usr/share/java/java-atk-wrapper.jar
7f08116df000-7f08116e3000 r--s 00085000 00:13 124657                     /usr/lib/jvm/java-7-openjdk-amd64/jre/lib/ext/localedata.jar
7f08116e3000-7f08116e6000 r--s 0003d000 00:13 124659                     /usr/lib/jvm/java-7-openjdk-amd64/jre/lib/ext/sunpkcs11.jar
7f08116e6000-7f08116e8000 r--s 00012000 00:13 124660                     /usr/lib/jvm/java-7-openjdk-amd64/jre/lib/ext/zipfs.jar
7f08116e8000-7f08116f0000 rw-s 00000000 00:22 184159                     /tmp/hsperfdata_user/19548
7f08116f0000-7f08116f1000 rw-p 00000000 00:00 0 
7f08116f1000-7f08116f2000 r--p 00000000 00:00 0 
7f08116f2000-7f08116f4000 rw-p 00000000 00:00 0 
7f08116f4000-7f08116f5000 r--p 00020000 00:13 1574                       /lib/x86_64-linux-gnu/ld-2.19.so
7f08116f5000-7f08116f6000 rw-p 00021000 00:13 1574                       /lib/x86_64-linux-gnu/ld-2.19.so
7f08116f6000-7f08116f7000 rw-p 00000000 00:00 0 
7ffe42fec000-7ffe4300d000 rw-p 00000000 00:00 0                          [stack]
7ffe43162000-7ffe43164000 r-xp 00000000 00:00 0                          [vdso]
7ffe43164000-7ffe43166000 r--p 00000000 00:00 0                          [vvar]
ffffffffff600000-ffffffffff601000 r-xp 00000000 00:00 0                  [vsyscall]

VM Arguments:
jvm_args: -javaagent:/opt/idea-IU-171.4073.35/lib/idea_rt.jar=33526:/opt/idea-IU-171.4073.35/bin -Dfile.encoding=UTF-8 
java_command: Main
Launcher Type: SUN_STANDARD

Environment Variables:
PATH=/usr/sbin:/sbin:/usr/local/bin:/usr/bin:/bin:/usr/local/games:/usr/games:/usr/sbin/pm-suspend:/home/briain/32gb/android-sdk-linux/tools:/home/briain/32gb/scripts/android-sdk-linux/platform-tools:/usr/sbin/pm-suspend:/home/briain/32gb/android-sdk-linux/tools:/home/briain/32gb/scripts/android-sdk-linux/platform-tools
LD_LIBRARY_PATH=.:
SHELL=/bin/bash
DISPLAY=:0

Signal Handlers:
SIGSEGV: [libjvm.so+0x990560], sa_mask[0]=0x7ffbfeff, sa_flags=0x10000004
SIGBUS: [libjvm.so+0x990560], sa_mask[0]=0x7ffbfeff, sa_flags=0x10000004
SIGFPE: [libjvm.so+0x7fb640], sa_mask[0]=0x7ffbfeff, sa_flags=0x10000004
SIGPIPE: [libjvm.so+0x7fb640], sa_mask[0]=0x7ffbfeff, sa_flags=0x10000004
SIGXFSZ: [libjvm.so+0x7fb640], sa_mask[0]=0x7ffbfeff, sa_flags=0x10000004
SIGILL: [libjvm.so+0x7fb640], sa_mask[0]=0x7ffbfeff, sa_flags=0x10000004
SIGUSR1: SIG_DFL, sa_mask[0]=0x00000000, sa_flags=0x00000000
SIGUSR2: [libjvm.so+0x7fb770], sa_mask[0]=0x00000004, sa_flags=0x10000004
SIGHUP: [libjvm.so+0x7fb6c0], sa_mask[0]=0x7ffbfeff, sa_flags=0x10000004
SIGINT: [libjvm.so+0x7fb6c0], sa_mask[0]=0x7ffbfeff, sa_flags=0x10000004
SIGTERM: [libjvm.so+0x7fb6c0], sa_mask[0]=0x7ffbfeff, sa_flags=0x10000004
SIGQUIT: [libjvm.so+0x7fb6c0], sa_mask[0]=0x7ffbfeff, sa_flags=0x10000004
SIGTRAP: SIG_DFL, sa_mask[0]=0x00000000, sa_flags=0x00000000


---------------  S Y S T E M  ---------------

OS:"BunsenLabs" "8.7" ("bunsen-hydrogen")
uname:Linux 3.16.0-4-amd64 #1 SMP Debian 3.16.7-ckt25-2+deb8u3 (2016-07-02) x86_64
libc:glibc 2.19 NPTL 2.19 
rlimit: STACK 8192k, CORE 200000k, NPROC 31405, NOFILE 65536, AS infinity
load average:1.07 0.83 0.83

/proc/meminfo:
MemTotal:        8074552 kB
MemFree:         1721392 kB
MemAvailable:    3124828 kB
Buffers:          124660 kB
Cached:          2247668 kB
SwapCached:            0 kB
Active:          4527920 kB
Inactive:        1572940 kB
Active(anon):    3730460 kB
Inactive(anon):   874624 kB
Active(file):     797460 kB
Inactive(file):   698316 kB
Unevictable:          32 kB
Mlocked:              32 kB
SwapTotal:             0 kB
SwapFree:              0 kB
Dirty:              2892 kB
Writeback:             0 kB
AnonPages:       3728736 kB
Mapped:           214332 kB
Shmem:            876560 kB
Slab:             191688 kB
SReclaimable:     153208 kB
SUnreclaim:        38480 kB
KernelStack:        6016 kB
PageTables:        23764 kB
NFS_Unstable:          0 kB
Bounce:                0 kB
WritebackTmp:          0 kB
CommitLimit:     4037276 kB
Committed_AS:    6334804 kB
VmallocTotal:   34359738367 kB
VmallocUsed:       83172 kB
VmallocChunk:   34359652220 kB
HardwareCorrupted:     0 kB
AnonHugePages:         0 kB
HugePages_Total:       0
HugePages_Free:        0
HugePages_Rsvd:        0
HugePages_Surp:        0
Hugepagesize:       2048 kB
DirectMap4k:       54956 kB
DirectMap2M:     2969600 kB
DirectMap1G:     5242880 kB


CPU:total 4 (2 cores per cpu, 2 threads per core) family 6 model 94 stepping 3, cmov, cx8, fxsr, mmx, sse, sse2, sse3, ssse3, sse4.1, sse4.2, popcnt, avx, avx2, aes, erms, ht, tsc, tscinvbit

/proc/cpuinfo:
processor	: 0
vendor_id	: GenuineIntel
cpu family	: 6
model		: 94
model name	: Intel(R) Core(TM) i3-6100 CPU @ 3.70GHz
stepping	: 3
microcode	: 0x74
cpu MHz		: 2500.000
cache size	: 3072 KB
physical id	: 0
siblings	: 4
core id		: 0
cpu cores	: 2
apicid		: 0
initial apicid	: 0
fpu		: yes
fpu_exception	: yes
cpuid level	: 22
wp		: yes
flags		: fpu vme de pse tsc msr pae mce cx8 apic sep mtrr pge mca cmov pat pse36 clflush dts acpi mmx fxsr sse sse2 ss ht tm pbe syscall nx pdpe1gb rdtscp lm constant_tsc arch_perfmon pebs bts rep_good nopl xtopology nonstop_tsc aperfmperf eagerfpu pni pclmulqdq dtes64 monitor ds_cpl vmx est tm2 ssse3 fma cx16 xtpr pdcm pcid sse4_1 sse4_2 x2apic movbe popcnt tsc_deadline_timer aes xsave avx f16c rdrand lahf_lm abm 3dnowprefetch arat epb xsaveopt pln pts dtherm tpr_shadow vnmi flexpriority ept vpid fsgsbase tsc_adjust bmi1 avx2 smep bmi2 erms invpcid mpx rdseed adx smap clflushopt
bogomips	: 7392.05
clflush size	: 64
cache_alignment	: 64
address sizes	: 39 bits physical, 48 bits virtual
power management:

processor	: 1
vendor_id	: GenuineIntel
cpu family	: 6
model		: 94
model name	: Intel(R) Core(TM) i3-6100 CPU @ 3.70GHz
stepping	: 3
microcode	: 0x74
cpu MHz		: 3700.000
cache size	: 3072 KB
physical id	: 0
siblings	: 4
core id		: 1
cpu cores	: 2
apicid		: 2
initial apicid	: 2
fpu		: yes
fpu_exception	: yes
cpuid level	: 22
wp		: yes
flags		: fpu vme de pse tsc msr pae mce cx8 apic sep mtrr pge mca cmov pat pse36 clflush dts acpi mmx fxsr sse sse2 ss ht tm pbe syscall nx pdpe1gb rdtscp lm constant_tsc arch_perfmon pebs bts rep_good nopl xtopology nonstop_tsc aperfmperf eagerfpu pni pclmulqdq dtes64 monitor ds_cpl vmx est tm2 ssse3 fma cx16 xtpr pdcm pcid sse4_1 sse4_2 x2apic movbe popcnt tsc_deadline_timer aes xsave avx f16c rdrand lahf_lm abm 3dnowprefetch arat epb xsaveopt pln pts dtherm tpr_shadow vnmi flexpriority ept vpid fsgsbase tsc_adjust bmi1 avx2 smep bmi2 erms invpcid mpx rdseed adx smap clflushopt
bogomips	: 7392.05
clflush size	: 64
cache_alignment	: 64
address sizes	: 39 bits physical, 48 bits virtual
power management:

processor	: 2
vendor_id	: GenuineIntel
cpu family	: 6
model		: 94
model name	: Intel(R) Core(TM) i3-6100 CPU @ 3.70GHz
stepping	: 3
microcode	: 0x74
cpu MHz		: 3700.000
cache size	: 3072 KB
physical id	: 0
siblings	: 4
core id		: 0
cpu cores	: 2
apicid		: 1
initial apicid	: 1
fpu		: yes
fpu_exception	: yes
cpuid level	: 22
wp		: yes
flags		: fpu vme de pse tsc msr pae mce cx8 apic sep mtrr pge mca cmov pat pse36 clflush dts acpi mmx fxsr sse sse2 ss ht tm pbe syscall nx pdpe1gb rdtscp lm constant_tsc arch_perfmon pebs bts rep_good nopl xtopology nonstop_tsc aperfmperf eagerfpu pni pclmulqdq dtes64 monitor ds_cpl vmx est tm2 ssse3 fma cx16 xtpr pdcm pcid sse4_1 sse4_2 x2apic movbe popcnt tsc_deadline_timer aes xsave avx f16c rdrand lahf_lm abm 3dnowprefetch arat epb xsaveopt pln pts dtherm tpr_shadow vnmi flexpriority ept vpid fsgsbase tsc_adjust bmi1 avx2 smep bmi2 erms invpcid mpx rdseed adx smap clflushopt
bogomips	: 7392.05
clflush size	: 64
cache_alignment	: 64
address sizes	: 39 bits physical, 48 bits virtual
power management:

processor	: 3
vendor_id	: GenuineIntel
cpu family	: 6
model		: 94
model name	: Intel(R) Core(TM) i3-6100 CPU @ 3.70GHz
stepping	: 3
microcode	: 0x74
cpu MHz		: 3700.000
cache size	: 3072 KB
physical id	: 0
siblings	: 4
core id		: 1
cpu cores	: 2
apicid		: 3
initial apicid	: 3
fpu		: yes
fpu_exception	: yes
cpuid level	: 22
wp		: yes
flags		: fpu vme de pse tsc msr pae mce cx8 apic sep mtrr pge mca cmov pat pse36 clflush dts acpi mmx fxsr sse sse2 ss ht tm pbe syscall nx pdpe1gb rdtscp lm constant_tsc arch_perfmon pebs bts rep_good nopl xtopology nonstop_tsc aperfmperf eagerfpu pni pclmulqdq dtes64 monitor ds_cpl vmx est tm2 ssse3 fma cx16 xtpr pdcm pcid sse4_1 sse4_2 x2apic movbe popcnt tsc_deadline_timer aes xsave avx f16c rdrand lahf_lm abm 3dnowprefetch arat epb xsaveopt pln pts dtherm tpr_shadow vnmi flexpriority ept vpid fsgsbase tsc_adjust bmi1 avx2 smep bmi2 erms invpcid mpx rdseed adx smap clflushopt
bogomips	: 7392.05
clflush size	: 64
cache_alignment	: 64
address sizes	: 39 bits physical, 48 bits virtual
power management:



Memory: 4k page, physical 8074552k(1721144k free), swap 0k(0k free)

vm_info: OpenJDK 64-Bit Server VM (24.121-b00) for linux-amd64 JRE (1.7.0_121-b00), built on Feb  7 2017 17:04:29 by "jmm" with gcc 4.9.2

time: Mon Apr 24 20:06:39 2017
elapsed time: 0 seconds

